<?xml version="1.0" encoding="UTF-8"?>
<!-- Generated by org.testng.reporters.JUnitReportReporter -->
<testsuite skipped="0" hostname="HIGURL60281" name="com.qa.tests.HomePageTest" tests="2" failures="0" timestamp="12 Feb 2020 11:18:09 GMT" time="38.709" errors="0">
  <testcase name="verifyTitle" time="24.910" classname="com.qa.tests.HomePageTest"/>
  <testcase name="verifyUser" time="13.799" classname="com.qa.tests.HomePageTest"/>
</testsuite> <!-- com.qa.tests.HomePageTest -->
