<?xml version="1.0" encoding="UTF-8"?>
<!-- Generated by org.testng.reporters.JUnitReportReporter -->
<testsuite skipped="0" hostname="HIGURL60281" name="com.qa.tests.LoginTest" tests="2" failures="0" timestamp="12 Feb 2020 11:18:09 GMT" time="26.209" errors="0">
  <testcase name="validateTitle" time="13.610" classname="com.qa.tests.LoginTest"/>
  <testcase name="loginTest" time="12.599" classname="com.qa.tests.LoginTest"/>
</testsuite> <!-- com.qa.tests.LoginTest -->
